<?xml version="1.0" encoding="windows-1252" standalone="no"?>
<!DOCTYPE log SYSTEM "logger.dtd">
<log>
<record>
  <date>2018-06-13T04:21:56</date>
  <millis>1528856516346</millis>
  <sequence>0</sequence>
  <logger>acceptClient</logger>
  <level>INFO</level>
  <class>server.AcceptClient</class>
  <method>run</method>
  <thread>11</thread>
  <message>undefined;undefined;undefined;undefined creates a new account.</message>
</record>
<record>
  <date>2018-06-13T04:22:11</date>
  <millis>1528856531182</millis>
  <sequence>1</sequence>
  <logger>acceptClient</logger>
  <level>INFO</level>
  <class>server.AcceptClient</class>
  <method>run</method>
  <thread>12</thread>
  <message>Java;Java;192.168.1.115;45000 is connected.</message>
</record>
